[2023-01-07 16:55:06.509] [INFO ] [restartedMain] com.springboot.api.ApiApplication Starting ApiApplication using Java 17.0.5 with PID 3008 (C:\Users\pc\Desktop\study2\ex1\api\bin\main started by pc in C:\Users\pc\Desktop\study2\ex1\api)
[2023-01-07 16:55:06.519] [INFO ] [restartedMain] com.springboot.api.ApiApplication No active profile set, falling back to 1 default profile: "default"
[2023-01-07 16:55:06.567] [INFO ] [restartedMain] org.springframework.boot.devtools.env.DevToolsPropertyDefaultsPostProcessor Devtools property defaults active! Set 'spring.devtools.add-properties' to 'false' to disable
[2023-01-07 16:55:06.568] [INFO ] [restartedMain] org.springframework.boot.devtools.env.DevToolsPropertyDefaultsPostProcessor For additional web related logging consider setting the 'logging.level.web' property to 'DEBUG'
[2023-01-07 16:55:08.145] [INFO ] [restartedMain] org.springframework.boot.web.embedded.tomcat.TomcatWebServer Tomcat initialized with port(s): 8080 (http)
[2023-01-07 16:55:08.160] [INFO ] [restartedMain] org.apache.coyote.http11.Http11NioProtocol Initializing ProtocolHandler ["http-nio-8080"]
[2023-01-07 16:55:08.162] [INFO ] [restartedMain] org.apache.catalina.core.StandardService Starting service [Tomcat]
[2023-01-07 16:55:08.163] [INFO ] [restartedMain] org.apache.catalina.core.StandardEngine Starting Servlet engine: [Apache Tomcat/10.1.4]
[2023-01-07 16:55:08.243] [INFO ] [restartedMain] org.apache.catalina.core.ContainerBase.[Tomcat].[localhost].[/] Initializing Spring embedded WebApplicationContext
[2023-01-07 16:55:08.246] [INFO ] [restartedMain] org.springframework.boot.web.servlet.context.ServletWebServerApplicationContext Root WebApplicationContext: initialization completed in 1663 ms
[2023-01-07 16:55:09.388] [INFO ] [restartedMain] org.springframework.boot.devtools.autoconfigure.OptionalLiveReloadServer LiveReload server is running on port 35729
[2023-01-07 16:55:09.406] [INFO ] [restartedMain] org.apache.coyote.http11.Http11NioProtocol Starting ProtocolHandler ["http-nio-8080"]
[2023-01-07 16:55:09.434] [INFO ] [restartedMain] org.springframework.boot.web.embedded.tomcat.TomcatWebServer Tomcat started on port(s): 8080 (http) with context path ''
[2023-01-07 16:55:09.446] [INFO ] [restartedMain] com.springboot.api.ApiApplication Started ApiApplication in 3.428 seconds (process running for 4.617)
[2023-01-07 17:00:30.790] [INFO ] [File Watcher] org.springframework.boot.devtools.autoconfigure.LocalDevToolsAutoConfiguration$RestartingClassPathChangeChangedEventListener Restarting due to 1 class path change (0 additions, 0 deletions, 1 modification)
[2023-01-07 17:00:30.808] [INFO ] [Thread-5] org.apache.coyote.http11.Http11NioProtocol Pausing ProtocolHandler ["http-nio-8080"]
[2023-01-07 17:00:30.809] [INFO ] [Thread-5] org.apache.catalina.core.StandardService Stopping service [Tomcat]
[2023-01-07 17:00:30.816] [INFO ] [Thread-5] org.apache.coyote.http11.Http11NioProtocol Stopping ProtocolHandler ["http-nio-8080"]
[2023-01-07 17:00:30.818] [INFO ] [Thread-5] org.apache.coyote.http11.Http11NioProtocol Destroying ProtocolHandler ["http-nio-8080"]
[2023-01-07 17:00:30.921] [INFO ] [restartedMain] com.springboot.api.ApiApplication Starting ApiApplication using Java 17.0.5 with PID 3008 (C:\Users\pc\Desktop\study2\ex1\api\bin\main started by pc in C:\Users\pc\Desktop\study2\ex1\api)
[2023-01-07 17:00:30.922] [INFO ] [restartedMain] com.springboot.api.ApiApplication No active profile set, falling back to 1 default profile: "default"
[2023-01-07 17:00:31.419] [INFO ] [restartedMain] org.springframework.boot.web.embedded.tomcat.TomcatWebServer Tomcat initialized with port(s): 8080 (http)
[2023-01-07 17:00:31.421] [INFO ] [restartedMain] org.apache.coyote.http11.Http11NioProtocol Initializing ProtocolHandler ["http-nio-8080"]
[2023-01-07 17:00:31.421] [INFO ] [restartedMain] org.apache.catalina.core.StandardService Starting service [Tomcat]
[2023-01-07 17:00:31.422] [INFO ] [restartedMain] org.apache.catalina.core.StandardEngine Starting Servlet engine: [Apache Tomcat/10.1.4]
[2023-01-07 17:00:31.439] [INFO ] [restartedMain] org.apache.catalina.core.ContainerBase.[Tomcat].[localhost].[/] Initializing Spring embedded WebApplicationContext
[2023-01-07 17:00:31.439] [INFO ] [restartedMain] org.springframework.boot.web.servlet.context.ServletWebServerApplicationContext Root WebApplicationContext: initialization completed in 511 ms
[2023-01-07 17:00:31.926] [INFO ] [restartedMain] org.springframework.boot.devtools.autoconfigure.OptionalLiveReloadServer LiveReload server is running on port 35729
[2023-01-07 17:00:31.932] [INFO ] [restartedMain] org.apache.coyote.http11.Http11NioProtocol Starting ProtocolHandler ["http-nio-8080"]
[2023-01-07 17:00:31.936] [INFO ] [restartedMain] org.springframework.boot.web.embedded.tomcat.TomcatWebServer Tomcat started on port(s): 8080 (http) with context path ''
[2023-01-07 17:00:31.940] [INFO ] [restartedMain] com.springboot.api.ApiApplication Started ApiApplication in 1.082 seconds (process running for 327.111)
[2023-01-07 17:00:31.942] [INFO ] [restartedMain] org.springframework.boot.devtools.autoconfigure.ConditionEvaluationDeltaLoggingListener Condition evaluation unchanged
